Build started 2/22/2015 7:23:57 PM.
     1>Project "I:\wORkShOP\Freelancer.Com\LEDAppProject\LEDAppWebSocketClientCPP\WebSocketClientCPP\WebSocketClientCPP.vcxproj" on node 2 (Build target(s)).
     1>ClCompile:
         C:\Program Files (x86)\Microsoft Visual Studio 12.0\VC\bin\CL.exe /c /II:\wORkShOP\Freelancer.Com\LEDAppProject\LEDAppWebSocketClientCPP\WebSocketClientCPP\ /I"Generated Files\\" /IDebug\ /ZI /ZW /ZW:nostdlib /nologo /W3 /WX- /sdl /MP /Od /Oy- /D _UNICODE /D UNICODE /D _DEBUG /D WINAPI_FAMILY=WINAPI_FAMILY_APP /Gm- /EHsc /RTC1 /MDd /GS /fp:precise /Zc:wchar_t /Zc:forScope /Yc"pch.h" /Fp"Debug\WebSocketClientCPP.pch" /Fo"Debug\\" /Fd"Debug\vc120.pdb" /Gd /TP /wd4453 /wd28204 /FU"C:\Program Files (x86)\Microsoft SDKs\Windows\v8.1\ExtensionSDKs\Microsoft.VCLibs\12.0\References\CommonConfiguration\neutral\platform.winmd" /FU"C:\Program Files (x86)\Windows Kits\8.1\References\CommonConfiguration\Neutral\Windows.winmd" /FU"C:\Program Files (x86)\Windows Kits\8.1\References\CommonConfiguration\Neutral\Windows.winmd" /analyze- /errorReport:prompt /bigobj pch.cpp
         pch.cpp
         C:\Program Files (x86)\Microsoft Visual Studio 12.0\VC\bin\CL.exe /c /II:\wORkShOP\Freelancer.Com\LEDAppProject\LEDAppWebSocketClientCPP\WebSocketClientCPP\ /I"Generated Files\\" /IDebug\ /ZI /ZW /ZW:nostdlib /nologo /W3 /WX- /sdl /MP /Od /Oy- /D _UNICODE /D UNICODE /D _DEBUG /D WINAPI_FAMILY=WINAPI_FAMILY_APP /Gm- /EHsc /RTC1 /MDd /GS /fp:precise /Zc:wchar_t /Zc:forScope /Yu"pch.h" /Fp"Debug\WebSocketClientCPP.pch" /Fo"Debug\\" /Fd"Debug\vc120.pdb" /Gd /TP /wd4453 /wd28204 /FU"C:\Program Files (x86)\Microsoft SDKs\Windows\v8.1\ExtensionSDKs\Microsoft.VCLibs\12.0\References\CommonConfiguration\neutral\platform.winmd" /FU"C:\Program Files (x86)\Windows Kits\8.1\References\CommonConfiguration\Neutral\Windows.winmd" /FU"C:\Program Files (x86)\Windows Kits\8.1\References\CommonConfiguration\Neutral\Windows.winmd" /analyze- /errorReport:prompt /bigobj App.xaml.cpp MainPage.xaml.cpp "Generated Files\XamlTypeInfo.Impl.g.cpp"
         App.xaml.cpp
         MainPage.xaml.cpp
         XamlTypeInfo.Impl.g.cpp
       CreateWinMD:
         C:\Program Files (x86)\Microsoft Visual Studio 12.0\VC\bin\link.exe /ERRORREPORT:PROMPT /OUT:"I:\wORkShOP\Freelancer.Com\LEDAppProject\LEDAppWebSocketServerC#\LEDAppWebSocketServer\Debug\WebSocketClientCPP\WebSocketClientCPP.exe" /INCREMENTAL /NOLOGO kernel32.lib /MANIFEST:NO /DEBUG /PDB:"I:\wORkShOP\Freelancer.Com\LEDAppProject\LEDAppWebSocketServerC#\LEDAppWebSocketServer\Debug\WebSocketClientCPP\WebSocketClientCPP.pdb" /SUBSYSTEM:WINDOWS /TLBID:1 /APPCONTAINER /WINMD:ONLY /WINMDFILE:"I:\wORkShOP\Freelancer.Com\LEDAppProject\LEDAppWebSocketServerC#\LEDAppWebSocketServer\Debug\WebSocketClientCPP\WebSocketClientCPP.winmd" /DYNAMICBASE /NXCOMPAT /MACHINE:X86 Debug\App.xaml.obj
         Debug\MainPage.xaml.obj
         Debug\pch.obj
         Debug\XamlTypeInfo.Impl.g.obj
       CompileXamlGeneratedFiles:
         C:\Program Files (x86)\Microsoft Visual Studio 12.0\VC\bin\CL.exe /c /II:\wORkShOP\Freelancer.Com\LEDAppProject\LEDAppWebSocketClientCPP\WebSocketClientCPP\ /I"Generated Files\\" /IDebug\ /ZI /ZW /ZW:nostdlib /nologo /W3 /WX- /sdl /MP /Od /Oy- /D _UNICODE /D UNICODE /D _DEBUG /D WINAPI_FAMILY=WINAPI_FAMILY_APP /Gm- /EHsc /RTC1 /MDd /GS /fp:precise /Zc:wchar_t /Zc:forScope /Yu"pch.h" /Fp"Debug\WebSocketClientCPP.pch" /Fo"Debug\\" /Fd"Debug\vc120.pdb" /Gd /TP /wd4453 /wd28204 /FU"C:\Program Files (x86)\Microsoft SDKs\Windows\v8.1\ExtensionSDKs\Microsoft.VCLibs\12.0\References\CommonConfiguration\neutral\platform.winmd" /FU"C:\Program Files (x86)\Windows Kits\8.1\References\CommonConfiguration\Neutral\Windows.winmd" /FU"C:\Program Files (x86)\Windows Kits\8.1\References\CommonConfiguration\Neutral\Windows.winmd" /analyze- /errorReport:prompt /bigobj "Generated Files\XamlTypeInfo.g.cpp"
         XamlTypeInfo.g.cpp
       Link:
         C:\Program Files (x86)\Microsoft Visual Studio 12.0\VC\bin\link.exe /ERRORREPORT:PROMPT /OUT:"I:\wORkShOP\Freelancer.Com\LEDAppProject\LEDAppWebSocketServerC#\LEDAppWebSocketServer\Debug\WebSocketClientCPP\WebSocketClientCPP.exe" /INCREMENTAL /NOLOGO kernel32.lib /MANIFEST:NO /DEBUG /PDB:"I:\wORkShOP\Freelancer.Com\LEDAppProject\LEDAppWebSocketServerC#\LEDAppWebSocketServer\Debug\WebSocketClientCPP\WebSocketClientCPP.pdb" /SUBSYSTEM:WINDOWS /TLBID:1 /APPCONTAINER /WINMD:NO /WINMDFILE:"I:\wORkShOP\Freelancer.Com\LEDAppProject\LEDAppWebSocketServerC#\LEDAppWebSocketServer\Debug\WebSocketClientCPP\WebSocketClientCPP.winmd" /DYNAMICBASE /NXCOMPAT /MACHINE:X86 Debug\App.xaml.obj
         Debug\MainPage.xaml.obj
         Debug\pch.obj
         Debug\XamlTypeInfo.Impl.g.obj
         Debug\XamlTypeInfo.g.obj
            Creating library I:\wORkShOP\Freelancer.Com\LEDAppProject\LEDAppWebSocketServerC#\LEDAppWebSocketServer\Debug\WebSocketClientCPP\WebSocketClientCPP.lib and object I:\wORkShOP\Freelancer.Com\LEDAppProject\LEDAppWebSocketServerC#\LEDAppWebSocketServer\Debug\WebSocketClientCPP\WebSocketClientCPP.exp
         WebSocketClientCPP.vcxproj -> I:\wORkShOP\Freelancer.Com\LEDAppProject\LEDAppWebSocketServerC#\LEDAppWebSocketServer\Debug\WebSocketClientCPP\WebSocketClientCPP.exe
       _GenerateProjectPriFileCore:
         C:\Program Files (x86)\Windows Kits\8.1\bin\x64\MakePri.exe New -ProjectRoot I:\wORkShOP\Freelancer.Com\LEDAppProject\LEDAppWebSocketClientCPP\WebSocketClientCPP\ -ConfigXml Debug\priconfig.xml -OutputFile "I:\wORkShOP\Freelancer.Com\LEDAppProject\LEDAppWebSocketServerC#\LEDAppWebSocketServer\Debug\WebSocketClientCPP\resources.pri" -IndexName fb21136f-ba9a-43c7-a4dc-3812ccc608eb -Verbose -Overwrite  
     1>Done Building Project "I:\wORkShOP\Freelancer.Com\LEDAppProject\LEDAppWebSocketClientCPP\WebSocketClientCPP\WebSocketClientCPP.vcxproj" (Build target(s)).

Build succeeded.

Time Elapsed 00:00:13.80
