i:\workshop\freelancer.com\ledappproject\test\websocketserver\ledappwebsocketclientcpp\websocketclientcpp\debug\websocketclientcpp.pch
i:\workshop\freelancer.com\ledappproject\test\websocketserver\ledappwebsocketclientcpp\websocketclientcpp\debug\vc120.pdb
i:\workshop\freelancer.com\ledappproject\test\websocketserver\ledappwebsocketclientcpp\websocketclientcpp\debug\vc120.idb
i:\workshop\freelancer.com\ledappproject\test\websocketserver\ledappwebsocketclientcpp\websocketclientcpp\debug\pch.obj
i:\workshop\freelancer.com\ledappproject\test\websocketserver\ledappwebsocketclientcpp\websocketclientcpp\debug\xamltypeinfo.impl.g.obj
i:\workshop\freelancer.com\ledappproject\test\websocketserver\ledappwebsocketclientcpp\websocketclientcpp\debug\mainpage.xaml.obj
i:\workshop\freelancer.com\ledappproject\test\websocketserver\ledappwebsocketclientcpp\websocketclientcpp\debug\app.xaml.obj
i:\workshop\freelancer.com\ledappproject\test\websocketserver\ledappwebsocketclientcpp\debug\websocketclientcpp\websocketclientcpp.ilk
i:\workshop\freelancer.com\ledappproject\test\websocketserver\ledappwebsocketclientcpp\debug\websocketclientcpp\websocketclientcpp.exe
i:\workshop\freelancer.com\ledappproject\test\websocketserver\ledappwebsocketclientcpp\debug\websocketclientcpp\websocketclientcpp.pdb
i:\workshop\freelancer.com\ledappproject\test\websocketserver\ledappwebsocketclientcpp\websocketclientcpp\debug\websocke.8944ae41.tlog\websocketclientcpp.winmd.lastbuild
i:\workshop\freelancer.com\ledappproject\test\websocketserver\ledappwebsocketclientcpp\debug\websocketclientcpp\websocketclientcpp.winmd
i:\workshop\freelancer.com\ledappproject\test\websocketserver\ledappwebsocketclientcpp\debug\websocketclientcpp\websocketclientcpp.lib
i:\workshop\freelancer.com\ledappproject\test\websocketserver\ledappwebsocketclientcpp\debug\websocketclientcpp\websocketclientcpp.exp
i:\workshop\freelancer.com\ledappproject\test\websocketserver\ledappwebsocketclientcpp\websocketclientcpp\debug\websocketclientcpp.vcxprojresolveassemblyreference.cache
i:\workshop\freelancer.com\ledappproject\test\websocketserver\ledappwebsocketclientcpp\websocketclientcpp\generated files\app.g.h
i:\workshop\freelancer.com\ledappproject\test\websocketserver\ledappwebsocketclientcpp\websocketclientcpp\generated files\app.g.hpp
i:\workshop\freelancer.com\ledappproject\test\websocketserver\ledappwebsocketclientcpp\websocketclientcpp\generated files\mainpage.g.h
i:\workshop\freelancer.com\ledappproject\test\websocketserver\ledappwebsocketclientcpp\websocketclientcpp\generated files\mainpage.g.hpp
i:\workshop\freelancer.com\ledappproject\test\websocketserver\ledappwebsocketclientcpp\websocketclientcpp\generated files\xamllibmetadataprovider.g.cpp
i:\workshop\freelancer.com\ledappproject\test\websocketserver\ledappwebsocketclientcpp\websocketclientcpp\generated files\xamltypeinfo.impl.g.cpp
i:\workshop\freelancer.com\ledappproject\test\websocketserver\ledappwebsocketclientcpp\websocketclientcpp\generated files\app.xaml
i:\workshop\freelancer.com\ledappproject\test\websocketserver\ledappwebsocketclientcpp\websocketclientcpp\generated files\mainpage.xaml
i:\workshop\freelancer.com\ledappproject\test\websocketserver\ledappwebsocketclientcpp\websocketclientcpp\generated files\app.xbf
i:\workshop\freelancer.com\ledappproject\test\websocketserver\ledappwebsocketclientcpp\websocketclientcpp\generated files\mainpage.xbf
i:\workshop\freelancer.com\ledappproject\test\websocketserver\ledappwebsocketclientcpp\websocketclientcpp\debug\xamlsavestatefile.xml
i:\workshop\freelancer.com\ledappproject\test\websocketserver\ledappwebsocketclientcpp\websocketclientcpp\generated files\xamltypeinfo.g.cpp
i:\workshop\freelancer.com\ledappproject\test\websocketserver\ledappwebsocketclientcpp\debug\websocketclientcpp\app.xbf
i:\workshop\freelancer.com\ledappproject\test\websocketserver\ledappwebsocketclientcpp\debug\websocketclientcpp\mainpage.xbf
i:\workshop\freelancer.com\ledappproject\test\websocketserver\ledappwebsocketclientcpp\websocketclientcpp\debug\priconfig.xml
i:\workshop\freelancer.com\ledappproject\test\websocketserver\ledappwebsocketclientcpp\websocketclientcpp\debug\priconfig.xml.intermediate
i:\workshop\freelancer.com\ledappproject\test\websocketserver\ledappwebsocketclientcpp\websocketclientcpp\debug\layout.resfiles
i:\workshop\freelancer.com\ledappproject\test\websocketserver\ledappwebsocketclientcpp\websocketclientcpp\debug\layout.resfiles.intermediate
i:\workshop\freelancer.com\ledappproject\test\websocketserver\ledappwebsocketclientcpp\websocketclientcpp\debug\resources.resfiles
i:\workshop\freelancer.com\ledappproject\test\websocketserver\ledappwebsocketclientcpp\websocketclientcpp\debug\resources.resfiles.intermediate
i:\workshop\freelancer.com\ledappproject\test\websocketserver\ledappwebsocketclientcpp\websocketclientcpp\debug\pri.resfiles
i:\workshop\freelancer.com\ledappproject\test\websocketserver\ledappwebsocketclientcpp\websocketclientcpp\debug\pri.resfiles.intermediate
i:\workshop\freelancer.com\ledappproject\test\websocketserver\ledappwebsocketclientcpp\debug\websocketclientcpp\resources.pri
i:\workshop\freelancer.com\ledappproject\test\websocketserver\ledappwebsocketclientcpp\websocketclientcpp\debug\qualifiers.txt
i:\workshop\freelancer.com\ledappproject\test\websocketserver\ledappwebsocketclientcpp\websocketclientcpp\debug\qualifiers.txt.intermediate
i:\workshop\freelancer.com\ledappproject\test\websocketserver\ledappwebsocketclientcpp\websocketclientcpp\debug\multiplequalifiersperdimensionfound.txt
i:\workshop\freelancer.com\ledappproject\test\websocketserver\ledappwebsocketclientcpp\websocketclientcpp\debug\projectarchitectures.txt
i:\workshop\freelancer.com\ledappproject\test\websocketserver\ledappwebsocketclientcpp\debug\websocketclientcpp\appxmanifest.xml
i:\workshop\freelancer.com\ledappproject\test\websocketserver\ledappwebsocketclientcpp\debug\websocketclientcpp\websocketclientcpp.build.appxrecipe
i:\workshop\freelancer.com\ledappproject\test\websocketserver\ledappwebsocketclientcpp\websocketclientcpp\debug\websocke.8944ae41.tlog\cl.command.1.tlog
i:\workshop\freelancer.com\ledappproject\test\websocketserver\ledappwebsocketclientcpp\websocketclientcpp\debug\websocke.8944ae41.tlog\cl.read.1.tlog
i:\workshop\freelancer.com\ledappproject\test\websocketserver\ledappwebsocketclientcpp\websocketclientcpp\debug\websocke.8944ae41.tlog\cl.write.1.tlog
i:\workshop\freelancer.com\ledappproject\test\websocketserver\ledappwebsocketclientcpp\websocketclientcpp\debug\websocke.8944ae41.tlog\link.command.1.tlog
i:\workshop\freelancer.com\ledappproject\test\websocketserver\ledappwebsocketclientcpp\websocketclientcpp\debug\websocke.8944ae41.tlog\link.read.1.tlog
i:\workshop\freelancer.com\ledappproject\test\websocketserver\ledappwebsocketclientcpp\websocketclientcpp\debug\websocke.8944ae41.tlog\link.write.1.tlog
i:\workshop\freelancer.com\ledappproject\test\websocketserver\ledappwebsocketclientcpp\websocketclientcpp\debug\websocke.8944ae41.tlog\websocketclientcpp.read.1u.tlog
i:\workshop\freelancer.com\ledappproject\test\websocketserver\ledappwebsocketclientcpp\websocketclientcpp\debug\websocke.8944ae41.tlog\websocketclientcpp.write.1u.tlog
i:\workshop\freelancer.com\ledappproject\test\websocketserver\ledappwebsocketclientcpp\websocketclientcpp\generated files\xamltypeinfo.g.h
